<?xml version="1.0" encoding="UTF-8"?>
<testng-results ignored="0" total="1" passed="1" failed="0" skipped="0">
  <reporter-output>
  </reporter-output>
  <suite started-at="2022-11-23T16:05:24 IST" name="Suite" finished-at="2022-11-23T16:05:24 IST" duration-ms="91">
    <groups>
    </groups>
    <test started-at="2022-11-23T16:05:24 IST" name="Test" finished-at="2022-11-23T16:05:24 IST" duration-ms="91">
      <class name="com.TestYantra.Test0">
        <test-method signature="demo()[pri:0, instance:com.TestYantra.Test0@fa49800]" started-at="2022-11-23T16:05:24 IST" name="demo" finished-at="2022-11-23T16:05:24 IST" duration-ms="14" status="PASS">
          <reporter-output>
          </reporter-output>
        </test-method> <!-- demo -->
      </class> <!-- com.TestYantra.Test0 -->
    </test> <!-- Test -->
  </suite> <!-- Suite -->
</testng-results>
